face-recognition-as-master/face-recognition-as-master/face-recognition-as-master/facerecognition/build/outputs/logs/manifest-merger-debug-report.txt
-- Merging decision tree log ---
manifest
ADDED from src/main/AndroidManifest.xml:2:1-53:12
	package
		ADDED from src/main/AndroidManifest.xml:4:11-54
		INJECTED from src/main/AndroidManifest.xml
		INJECTED from src/main/AndroidManifest.xml
	android:versionName
		ADDED from src/main/AndroidManifest.xml:6:11-36
		INJECTED from src/main/AndroidManifest.xml
		INJECTED from src/main/AndroidManifest.xml
	android:versionCode
		ADDED from src/main/AndroidManifest.xml:5:11-35
		INJECTED from src/main/AndroidManifest.xml
		INJECTED from src/main/AndroidManifest.xml
	xmlns:android
		ADDED from src/main/AndroidManifest.xml:2:11-69
	android:installLocation
		ADDED from src/main/AndroidManifest.xml:3:8-38
uses-permission#android.permission.WRITE_EXTERNAL_STORAGE
ADDED from src/main/AndroidManifest.xml:7:5-81
	android:name
		ADDED from src/main/AndroidManifest.xml:7:22-78
application
ADDED from src/main/AndroidManifest.xml:8:5-34:19
MERGED from [com.android.support:appcompat-v7:26.1.0] AndroidManifest.xml:25:5-29:19
MERGED from [com.android.support:support-v4:26.1.0] AndroidManifest.xml:25:5-29:19
MERGED from [com.android.support:support-media-compat:26.1.0] AndroidManifest.xml:25:5-29:19
MERGED from [com.android.support:support-fragment:26.1.0] AndroidManifest.xml:25:5-29:19
MERGED from [com.android.support:animated-vector-drawable:26.1.0] AndroidManifest.xml:22:5-26:19
MERGED from [com.android.support:support-vector-drawable:26.1.0] AndroidManifest.xml:22:5-26:19
MERGED from [com.android.support:support-core-ui:26.1.0] AndroidManifest.xml:25:5-29:19
MERGED from [com.android.support:support-core-utils:26.1.0] AndroidManifest.xml:25:5-29:19
MERGED from [com.android.support:support-compat:26.1.0] AndroidManifest.xml:25:5-29:19
MERGED from [android.arch.lifecycle:runtime:1.0.0] AndroidManifest.xml:24:5-28:19
	android:label
		ADDED from src/main/AndroidManifest.xml:9:9-41
	android:icon
		ADDED from src/main/AndroidManifest.xml:10:9-38
	android:theme
		ADDED from src/main/AndroidManifest.xml:11:9-67
activity#org.opencv.javacv.facerecognition.FdActivity
ADDED from src/main/AndroidManifest.xml:13:9-21:20
	android:screenOrientation
		ADDED from src/main/AndroidManifest.xml:15:19-56
	android:label
		ADDED from src/main/AndroidManifest.xml:14:19-51
	android:configChanges
		ADDED from src/main/AndroidManifest.xml:16:19-69
	android:name
		ADDED from src/main/AndroidManifest.xml:13:19-78
intent-filter#android.intent.action.MAIN+android.intent.category.LAUNCHER
ADDED from src/main/AndroidManifest.xml:17:13-20:29
action#android.intent.action.MAIN
ADDED from src/main/AndroidManifest.xml:18:17-69
	android:name
		ADDED from src/main/AndroidManifest.xml:18:25-66
category#android.intent.category.LAUNCHER
ADDED from src/main/AndroidManifest.xml:19:17-77
	android:name
		ADDED from src/main/AndroidManifest.xml:19:27-74
activity#org.opencv.javacv.facerecognition.ImageGallery
ADDED from src/main/AndroidManifest.xml:23:9-31:20
	android:screenOrientation
		ADDED from src/main/AndroidManifest.xml:25:19-56
	android:label
		ADDED from src/main/AndroidManifest.xml:24:19-51
	android:configChanges
		ADDED from src/main/AndroidManifest.xml:26:19-69
	android:name
		ADDED from src/main/AndroidManifest.xml:23:19-80
intent-filter#android.intent.action.VIEW+android.intent.category.DEFAULT
ADDED from src/main/AndroidManifest.xml:27:9-30:19
action#android.intent.action.VIEW
ADDED from src/main/AndroidManifest.xml:28:3-55
	android:name
		ADDED from src/main/AndroidManifest.xml:28:11-52
category#android.intent.category.DEFAULT
ADDED from src/main/AndroidManifest.xml:29:3-62
	android:name
		ADDED from src/main/AndroidManifest.xml:29:13-59
service#org.opencv.javacv.facerecognition.MainService
ADDED from src/main/AndroidManifest.xml:32:9-48
	android:name
		ADDED from src/main/AndroidManifest.xml:32:18-45
supports-screens
ADDED from src/main/AndroidManifest.xml:36:5-40:51
	android:largeScreens
		ADDED from src/main/AndroidManifest.xml:39:23-50
	android:smallScreens
		ADDED from src/main/AndroidManifest.xml:37:23-50
	android:normalScreens
		ADDED from src/main/AndroidManifest.xml:38:23-51
	android:resizeable
		ADDED from src/main/AndroidManifest.xml:36:23-48
	android:anyDensity
		ADDED from src/main/AndroidManifest.xml:40:23-48
uses-sdk
ADDED from src/main/AndroidManifest.xml:42:5-43
MERGED from [face-recognition-as-master:openCVLibrary2410:unspecified] AndroidManifest.xml:7:5-9:40
MERGED from [com.microsoft.azure.android:azure-storage-android:1.0.0] AndroidManifest.xml:14:38-16:41
MERGED from [com.android.support:appcompat-v7:26.1.0] AndroidManifest.xml:21:5-23:78
MERGED from [com.android.support:support-v4:26.1.0] AndroidManifest.xml:21:5-23:54
MERGED from [com.android.support:support-media-compat:26.1.0] AndroidManifest.xml:21:5-23:63
MERGED from [com.android.support:support-fragment:26.1.0] AndroidManifest.xml:21:5-23:60
MERGED from [com.android.support:animated-vector-drawable:26.1.0] AndroidManifest.xml:20:5-44
MERGED from [com.android.support:support-vector-drawable:26.1.0] AndroidManifest.xml:20:5-44
MERGED from [com.android.support:support-core-ui:26.1.0] AndroidManifest.xml:21:5-23:58
MERGED from [android.arch.persistence.room:runtime:1.0.0] AndroidManifest.xml:20:5-22:41
MERGED from [android.arch.persistence:db-framework:1.0.0] AndroidManifest.xml:20:5-22:41
MERGED from [android.arch.persistence:db:1.0.0] AndroidManifest.xml:20:5-22:41
MERGED from [android.arch.core:runtime:1.0.0] AndroidManifest.xml:20:5-22:41
MERGED from [com.android.support:support-core-utils:26.1.0] AndroidManifest.xml:21:5-23:61
MERGED from [com.android.support:support-compat:26.1.0] AndroidManifest.xml:21:5-23:58
MERGED from [android.arch.lifecycle:runtime:1.0.0] AndroidManifest.xml:20:5-22:41
	tools:overrideLibrary
		ADDED from [com.android.support:appcompat-v7:26.1.0] AndroidManifest.xml:23:9-75
	android:targetSdkVersion
		INJECTED from src/main/AndroidManifest.xml
		INJECTED from src/main/AndroidManifest.xml
	android:minSdkVersion
		ADDED from src/main/AndroidManifest.xml:42:15-40
		INJECTED from src/main/AndroidManifest.xml
		INJECTED from src/main/AndroidManifest.xml
uses-permission#android.permission.CAMERA
ADDED from src/main/AndroidManifest.xml:44:5-64
	android:name
		ADDED from src/main/AndroidManifest.xml:44:22-62
uses-permission#android.permission.ACCESS_FINE_LOCATION
ADDED from src/main/AndroidManifest.xml:45:5-79
	android:name
		ADDED from src/main/AndroidManifest.xml:45:22-76
uses-feature#android.hardware.camera
ADDED from src/main/AndroidManifest.xml:48:5-84
	android:required
		ADDED from src/main/AndroidManifest.xml:48:58-82
	android:name
		ADDED from src/main/AndroidManifest.xml:48:19-57
uses-feature#android.hardware.camera.autofocus
ADDED from src/main/AndroidManifest.xml:49:5-94
	android:required
		ADDED from src/main/AndroidManifest.xml:49:68-92
	android:name
		ADDED from src/main/AndroidManifest.xml:49:19-67
uses-feature#android.hardware.camera.front
ADDED from src/main/AndroidManifest.xml:50:5-90
	android:required
		ADDED from src/main/AndroidManifest.xml:50:64-88
	android:name
		ADDED from src/main/AndroidManifest.xml:50:19-63
uses-feature#android.hardware.camera.front.autofocus
ADDED from src/main/AndroidManifest.xml:51:5-100
	android:required
		ADDED from src/main/AndroidManifest.xml:51:74-98
	android:name
		ADDED from src/main/AndroidManifest.xml:51:19-73
uses-permission#android.permission.INTERNET
ADDED from [com.microsoft.azure.android:azure-storage-android:1.0.0] AndroidManifest.xml:18:5-67
	android:name
		ADDED from [com.microsoft.azure.android:azure-storage-android:1.0.0] AndroidManifest.xml:18:22-64
meta-data#android.support.VERSION
ADDED from [com.android.support:appcompat-v7:26.1.0] AndroidManifest.xml:26:9-28:38
MERGED from [com.android.support:support-v4:26.1.0] AndroidManifest.xml:26:9-28:38
MERGED from [com.android.support:support-media-compat:26.1.0] AndroidManifest.xml:26:9-28:38
MERGED from [com.android.support:support-fragment:26.1.0] AndroidManifest.xml:26:9-28:38
MERGED from [com.android.support:animated-vector-drawable:26.1.0] AndroidManifest.xml:23:9-25:38
MERGED from [com.android.support:support-vector-drawable:26.1.0] AndroidManifest.xml:23:9-25:38
MERGED from [com.android.support:support-core-ui:26.1.0] AndroidManifest.xml:26:9-28:38
MERGED from [com.android.support:support-core-utils:26.1.0] AndroidManifest.xml:26:9-28:38
MERGED from [com.android.support:support-compat:26.1.0] AndroidManifest.xml:26:9-28:38
	android:value
		ADDED from [com.android.support:appcompat-v7:26.1.0] AndroidManifest.xml:28:13-35
	android:name
		ADDED from [com.android.support:appcompat-v7:26.1.0] AndroidManifest.xml:27:13-51
meta-data#android.arch.lifecycle.VERSION
ADDED from [android.arch.lifecycle:runtime:1.0.0] AndroidManifest.xml:25:9-27:47
	android:value
		ADDED from [android.arch.lifecycle:runtime:1.0.0] AndroidManifest.xml:27:13-44
	android:name
		ADDED from [android.arch.lifecycle:runtime:1.0.0] AndroidManifest.xml:26:13-58